{
  "0 debug pnpm:scope": {
    "selected": 1
  },
  "1 error pnpm": {
    "errno": 1,
    "code": "ELIFECYCLE",
    "pkgid": "antd-demo-ts@0.1.0",
    "stage": "start",
    "script": "craco start",
    "pkgname": "antd-demo-ts",
    "err": {
      "name": "pnpm",
      "message": "antd-demo-ts@0.1.0 start: `craco start`\nExit status 1",
      "code": "ELIFECYCLE",
      "stack": "pnpm: antd-demo-ts@0.1.0 start: `craco start`\nExit status 1\n    at EventEmitter.<anonymous> (C:\\Users\\v_guoxingli\\AppData\\Roaming\\npm\\pnpm-global\\5\\node_modules\\.pnpm\\pnpm@7.3.0\\node_modules\\pnpm\\dist\\pnpm.cjs:108415:20)\n    at EventEmitter.emit (events.js:400:28)\n    at ChildProcess.<anonymous> (C:\\Users\\v_guoxingli\\AppData\\Roaming\\npm\\pnpm-global\\5\\node_modules\\.pnpm\\pnpm@7.3.0\\node_modules\\pnpm\\dist\\pnpm.cjs:94981:18)\n    at ChildProcess.emit (events.js:400:28)\n    at maybeClose (internal/child_process.js:1088:16)\n    at Process.ChildProcess._handle.onexit (internal/child_process.js:296:5)"
    }
  },
  "2 warn pnpm:global": " Local package.json exists, but node_modules missing, did you mean to install?"
}